Started GET "/customers" for 127.0.0.1 at 2017-11-06 14:46:20 -0800
  [1m[35m (1.0ms)[0m  [1m[34mSELECT "schema_migrations"."version" FROM "schema_migrations" ORDER BY "schema_migrations"."version" ASC[0m

ActiveRecord::PendingMigrationError - Migrations are pending. To resolve this issue, run:

        bin/rails db:migrate RAILS_ENV=development

:

  [1m[35m (0.2ms)[0m  [1m[34mSELECT pg_try_advisory_lock(2536986024271589520)[0m
  [1m[35m (0.7ms)[0m  [1m[34mSELECT "schema_migrations"."version" FROM "schema_migrations" ORDER BY "schema_migrations"."version" ASC[0m
Migrating to AddMoviesCheckedOutColumnToCustomers (20171106220629)
  [1m[35m (0.1ms)[0m  [1m[35mBEGIN[0m
  [1m[35m (37.3ms)[0m  [1m[35mALTER TABLE "customers" ADD "movies_checked_out_count" integer DEFAULT 0 NOT NULL[0m
  [1m[35mSQL (0.8ms)[0m  [1m[32mINSERT INTO "schema_migrations" ("version") VALUES ($1) RETURNING "version"[0m  [["version", "20171106220629"]]
  [1m[35m (2.6ms)[0m  [1m[35mCOMMIT[0m
  [1m[36mActiveRecord::InternalMetadata Load (0.3ms)[0m  [1m[34mSELECT  "ar_internal_metadata".* FROM "ar_internal_metadata" WHERE "ar_internal_metadata"."key" = $1 LIMIT $2[0m  [["key", "environment"], ["LIMIT", 1]]
  [1m[35m (0.1ms)[0m  [1m[35mBEGIN[0m
  [1m[35m (0.1ms)[0m  [1m[35mCOMMIT[0m
  [1m[35m (0.2ms)[0m  [1m[34mSELECT pg_advisory_unlock(2536986024271589520)[0m
  [1m[35m (0.4ms)[0m  [1m[34mSELECT "schema_migrations"."version" FROM "schema_migrations" ORDER BY "schema_migrations"."version" ASC[0m
Started GET "/customers" for 127.0.0.1 at 2017-11-06 14:46:40 -0800
  [1m[35m (0.3ms)[0m  [1m[34mSELECT "schema_migrations"."version" FROM "schema_migrations" ORDER BY "schema_migrations"."version" ASC[0m
Processing by CustomersController#index as */*
  [1m[36mCustomer Load (1.6ms)[0m  [1m[34mSELECT "customers".* FROM "customers"[0m
Completed 200 OK in 54ms (Views: 8.6ms | ActiveRecord: 4.4ms)


